<?xml version="1.0" encoding="UTF-8"?>
<coverage generated="1645784892814" clover="3.2.0">
  <project timestamp="1645784892814" name="All files">
    <metrics statements="257" coveredstatements="146" conditionals="56" coveredconditionals="11" methods="35" coveredmethods="15" elements="348" coveredelements="172" complexity="0" loc="257" ncloc="257" packages="5" files="18" classes="18">
      <package name="RecipeBook-Backend-API">
        <metrics statements="16" coveredstatements="16" conditionals="2" coveredconditionals="2" methods="1" coveredmethods="1"/>
        <file name="index.js" path="E:\RecipeBook\RecipeBook-Backend-API\index.js">
          <metrics statements="16" coveredstatements="16" conditionals="2" coveredconditionals="2" methods="1" coveredmethods="1"/>
          <line num="1" count="2" type="stmt"/>
          <line num="2" count="2" type="stmt"/>
          <line num="3" count="2" type="stmt"/>
          <line num="4" count="2" type="stmt"/>
          <line num="6" count="2" type="stmt"/>
          <line num="8" count="2" type="stmt"/>
          <line num="9" count="2" type="stmt"/>
          <line num="10" count="2" type="stmt"/>
          <line num="11" count="2" type="stmt"/>
          <line num="12" count="2" type="stmt"/>
          <line num="13" count="2" type="stmt"/>
          <line num="16" count="2" type="stmt"/>
          <line num="17" count="2" type="cond" truecount="2" falsecount="0"/>
          <line num="20" count="2" type="stmt"/>
          <line num="21" count="2" type="stmt"/>
          <line num="25" count="2" type="stmt"/>
        </file>
      </package>
      <package name="RecipeBook-Backend-API.middleware">
        <metrics statements="19" coveredstatements="10" conditionals="6" coveredconditionals="3" methods="3" coveredmethods="2"/>
        <file name="auth.js" path="E:\RecipeBook\RecipeBook-Backend-API\middleware\auth.js">
          <metrics statements="10" coveredstatements="3" conditionals="4" coveredconditionals="1" methods="1" coveredmethods="1"/>
          <line num="1" count="2" type="stmt"/>
          <line num="5" count="2" type="stmt"/>
          <line num="7" count="8" type="cond" truecount="1" falsecount="1"/>
          <line num="9" count="0" type="stmt"/>
          <line num="10" count="0" type="cond" truecount="0" falsecount="2"/>
          <line num="12" count="0" type="stmt"/>
          <line num="13" count="0" type="stmt"/>
          <line num="14" count="0" type="stmt"/>
          <line num="15" count="0" type="stmt"/>
          <line num="17" count="0" type="stmt"/>
        </file>
        <file name="error.js" path="E:\RecipeBook\RecipeBook-Backend-API\middleware\error.js">
          <metrics statements="4" coveredstatements="2" conditionals="0" coveredconditionals="0" methods="1" coveredmethods="0"/>
          <line num="1" count="2" type="stmt"/>
          <line num="4" count="2" type="stmt"/>
          <line num="5" count="0" type="stmt"/>
          <line num="7" count="0" type="stmt"/>
        </file>
        <file name="validateObjectId.js" path="E:\RecipeBook\RecipeBook-Backend-API\middleware\validateObjectId.js">
          <metrics statements="5" coveredstatements="5" conditionals="2" coveredconditionals="2" methods="1" coveredmethods="1"/>
          <line num="1" count="2" type="stmt"/>
          <line num="4" count="2" type="stmt"/>
          <line num="5" count="6" type="cond" truecount="2" falsecount="0"/>
          <line num="6" count="2" type="stmt"/>
          <line num="8" count="4" type="stmt"/>
        </file>
      </package>
      <package name="RecipeBook-Backend-API.models">
        <metrics statements="30" coveredstatements="24" conditionals="0" coveredconditionals="0" methods="4" coveredmethods="1"/>
        <file name="foreigns.js" path="E:\RecipeBook\RecipeBook-Backend-API\models\foreigns.js">
          <metrics statements="7" coveredstatements="5" conditionals="0" coveredconditionals="0" methods="1" coveredmethods="0"/>
          <line num="1" count="2" type="stmt"/>
          <line num="2" count="2" type="stmt"/>
          <line num="5" count="2" type="stmt"/>
          <line num="28" count="0" type="stmt"/>
          <line num="35" count="0" type="stmt"/>
          <line num="38" count="2" type="stmt"/>
          <line num="39" count="2" type="stmt"/>
        </file>
        <file name="locals.js" path="E:\RecipeBook\RecipeBook-Backend-API\models\locals.js">
          <metrics statements="7" coveredstatements="5" conditionals="0" coveredconditionals="0" methods="1" coveredmethods="0"/>
          <line num="1" count="2" type="stmt"/>
          <line num="2" count="2" type="stmt"/>
          <line num="5" count="2" type="stmt"/>
          <line num="28" count="0" type="stmt"/>
          <line num="35" count="0" type="stmt"/>
          <line num="38" count="2" type="stmt"/>
          <line num="39" count="2" type="stmt"/>
        </file>
        <file name="resetPassword.js" path="E:\RecipeBook\RecipeBook-Backend-API\models\resetPassword.js">
          <metrics statements="4" coveredstatements="4" conditionals="0" coveredconditionals="0" methods="0" coveredmethods="0"/>
          <line num="1" count="2" type="stmt"/>
          <line num="2" count="2" type="stmt"/>
          <line num="5" count="2" type="stmt"/>
          <line num="21" count="2" type="stmt"/>
        </file>
        <file name="user.js" path="E:\RecipeBook\RecipeBook-Backend-API\models\user.js">
          <metrics statements="12" coveredstatements="10" conditionals="0" coveredconditionals="0" methods="2" coveredmethods="1"/>
          <line num="2" count="3" type="stmt"/>
          <line num="3" count="3" type="stmt"/>
          <line num="4" count="3" type="stmt"/>
          <line num="7" count="3" type="stmt"/>
          <line num="29" count="3" type="stmt"/>
          <line num="30" count="1" type="stmt"/>
          <line num="39" count="1" type="stmt"/>
          <line num="42" count="3" type="stmt"/>
          <line num="45" count="0" type="stmt"/>
          <line num="61" count="0" type="stmt"/>
          <line num="64" count="3" type="stmt"/>
          <line num="65" count="3" type="stmt"/>
        </file>
      </package>
      <package name="RecipeBook-Backend-API.routes">
        <metrics statements="154" coveredstatements="60" conditionals="46" coveredconditionals="4" methods="18" coveredmethods="4"/>
        <file name="auth.js" path="E:\RecipeBook\RecipeBook-Backend-API\routes\auth.js">
          <metrics statements="24" coveredstatements="9" conditionals="6" coveredconditionals="0" methods="3" coveredmethods="0"/>
          <line num="1" count="2" type="stmt"/>
          <line num="2" count="2" type="stmt"/>
          <line num="3" count="2" type="stmt"/>
          <line num="4" count="2" type="stmt"/>
          <line num="5" count="2" type="stmt"/>
          <line num="6" count="2" type="stmt"/>
          <line num="9" count="2" type="stmt"/>
          <line num="10" count="0" type="stmt"/>
          <line num="11" count="0" type="stmt"/>
          <line num="14" count="2" type="stmt"/>
          <line num="15" count="0" type="stmt"/>
          <line num="16" count="0" type="cond" truecount="0" falsecount="2"/>
          <line num="17" count="0" type="stmt"/>
          <line num="19" count="0" type="stmt"/>
          <line num="20" count="0" type="cond" truecount="0" falsecount="2"/>
          <line num="21" count="0" type="stmt"/>
          <line num="23" count="0" type="stmt"/>
          <line num="24" count="0" type="cond" truecount="0" falsecount="2"/>
          <line num="25" count="0" type="stmt"/>
          <line num="27" count="0" type="stmt"/>
          <line num="28" count="0" type="stmt"/>
          <line num="32" count="0" type="stmt"/>
          <line num="37" count="0" type="stmt"/>
          <line num="40" count="2" type="stmt"/>
        </file>
        <file name="foreigns.js" path="E:\RecipeBook\RecipeBook-Backend-API\routes\foreigns.js">
          <metrics statements="33" coveredstatements="18" conditionals="10" coveredconditionals="2" methods="5" coveredmethods="2"/>
          <line num="1" count="2" type="stmt"/>
          <line num="2" count="2" type="stmt"/>
          <line num="3" count="2" type="stmt"/>
          <line num="4" count="2" type="stmt"/>
          <line num="5" count="2" type="stmt"/>
          <line num="6" count="2" type="stmt"/>
          <line num="9" count="2" type="stmt"/>
          <line num="10" count="1" type="stmt"/>
          <line num="14" count="1" type="stmt"/>
          <line num="18" count="2" type="stmt"/>
          <line num="19" count="2" type="stmt"/>
          <line num="21" count="2" type="cond" truecount="2" falsecount="0"/>
          <line num="22" count="1" type="stmt"/>
          <line num="24" count="1" type="stmt"/>
          <line num="28" count="2" type="stmt"/>
          <line num="29" count="0" type="stmt"/>
          <line num="30" count="0" type="cond" truecount="0" falsecount="2"/>
          <line num="32" count="0" type="stmt"/>
          <line num="37" count="0" type="stmt"/>
          <line num="39" count="0" type="stmt"/>
          <line num="43" count="2" type="stmt"/>
          <line num="44" count="0" type="stmt"/>
          <line num="45" count="0" type="cond" truecount="0" falsecount="2"/>
          <line num="47" count="0" type="stmt"/>
          <line num="57" count="0" type="cond" truecount="0" falsecount="2"/>
          <line num="58" count="0" type="stmt"/>
          <line num="60" count="0" type="stmt"/>
          <line num="64" count="2" type="stmt"/>
          <line num="65" count="0" type="stmt"/>
          <line num="67" count="0" type="cond" truecount="0" falsecount="2"/>
          <line num="68" count="0" type="stmt"/>
          <line num="70" count="0" type="stmt"/>
          <line num="74" count="2" type="stmt"/>
        </file>
        <file name="locals.js" path="E:\RecipeBook\RecipeBook-Backend-API\routes\locals.js">
          <metrics statements="33" coveredstatements="18" conditionals="10" coveredconditionals="2" methods="5" coveredmethods="2"/>
          <line num="1" count="2" type="stmt"/>
          <line num="2" count="2" type="stmt"/>
          <line num="3" count="2" type="stmt"/>
          <line num="4" count="2" type="stmt"/>
          <line num="5" count="2" type="stmt"/>
          <line num="6" count="2" type="stmt"/>
          <line num="9" count="2" type="stmt"/>
          <line num="10" count="1" type="stmt"/>
          <line num="14" count="1" type="stmt"/>
          <line num="18" count="2" type="stmt"/>
          <line num="19" count="2" type="stmt"/>
          <line num="21" count="2" type="cond" truecount="2" falsecount="0"/>
          <line num="22" count="1" type="stmt"/>
          <line num="24" count="1" type="stmt"/>
          <line num="28" count="2" type="stmt"/>
          <line num="29" count="0" type="stmt"/>
          <line num="30" count="0" type="cond" truecount="0" falsecount="2"/>
          <line num="32" count="0" type="stmt"/>
          <line num="37" count="0" type="stmt"/>
          <line num="39" count="0" type="stmt"/>
          <line num="43" count="2" type="stmt"/>
          <line num="44" count="0" type="stmt"/>
          <line num="45" count="0" type="cond" truecount="0" falsecount="2"/>
          <line num="47" count="0" type="stmt"/>
          <line num="57" count="0" type="cond" truecount="0" falsecount="2"/>
          <line num="58" count="0" type="stmt"/>
          <line num="60" count="0" type="stmt"/>
          <line num="64" count="2" type="stmt"/>
          <line num="65" count="0" type="stmt"/>
          <line num="67" count="0" type="cond" truecount="0" falsecount="2"/>
          <line num="68" count="0" type="stmt"/>
          <line num="70" count="0" type="stmt"/>
          <line num="74" count="2" type="stmt"/>
        </file>
        <file name="users.js" path="E:\RecipeBook\RecipeBook-Backend-API\routes\users.js">
          <metrics statements="64" coveredstatements="15" conditionals="20" coveredconditionals="0" methods="5" coveredmethods="0"/>
          <line num="1" count="2" type="stmt"/>
          <line num="3" count="2" type="stmt"/>
          <line num="4" count="2" type="stmt"/>
          <line num="5" count="2" type="stmt"/>
          <line num="6" count="2" type="stmt"/>
          <line num="7" count="2" type="stmt"/>
          <line num="8" count="2" type="stmt"/>
          <line num="9" count="2" type="stmt"/>
          <line num="10" count="2" type="stmt"/>
          <line num="11" count="2" type="stmt"/>
          <line num="14" count="2" type="stmt"/>
          <line num="15" count="0" type="stmt"/>
          <line num="16" count="0" type="stmt"/>
          <line num="20" count="2" type="stmt"/>
          <line num="23" count="0" type="cond" truecount="0" falsecount="2"/>
          <line num="24" count="0" type="stmt"/>
          <line num="26" count="0" type="cond" truecount="0" falsecount="2"/>
          <line num="28" count="0" type="stmt"/>
          <line num="29" count="0" type="cond" truecount="0" falsecount="2"/>
          <line num="31" count="0" type="stmt"/>
          <line num="32" count="0" type="cond" truecount="0" falsecount="2"/>
          <line num="34" count="0" type="stmt"/>
          <line num="35" count="0" type="stmt"/>
          <line num="36" count="0" type="stmt"/>
          <line num="37" count="0" type="stmt"/>
          <line num="39" count="0" type="stmt"/>
          <line num="40" count="0" type="stmt"/>
          <line num="48" count="2" type="stmt"/>
          <line num="49" count="0" type="stmt"/>
          <line num="51" count="0" type="stmt"/>
          <line num="53" count="0" type="cond" truecount="0" falsecount="2"/>
          <line num="54" count="0" type="stmt"/>
          <line num="57" count="0" type="stmt"/>
          <line num="58" count="0" type="cond" truecount="0" falsecount="2"/>
          <line num="59" count="0" type="stmt"/>
          <line num="62" count="0" type="stmt"/>
          <line num="63" count="0" type="stmt"/>
          <line num="65" count="0" type="stmt"/>
          <line num="67" count="0" type="stmt"/>
          <line num="73" count="0" type="stmt"/>
          <line num="83" count="0" type="stmt"/>
          <line num="96" count="0" type="stmt"/>
          <line num="98" count="0" type="cond" truecount="0" falsecount="2"/>
          <line num="99" count="0" type="stmt"/>
          <line num="102" count="0" type="stmt"/>
          <line num="109" count="2" type="stmt"/>
          <line num="110" count="0" type="stmt"/>
          <line num="111" count="0" type="stmt"/>
          <line num="112" count="0" type="stmt"/>
          <line num="114" count="0" type="stmt"/>
          <line num="115" count="0" type="cond" truecount="0" falsecount="2"/>
          <line num="116" count="0" type="stmt"/>
          <line num="119" count="0" type="stmt"/>
          <line num="122" count="0" type="cond" truecount="0" falsecount="2"/>
          <line num="123" count="0" type="stmt"/>
          <line num="126" count="0" type="stmt"/>
          <line num="127" count="0" type="stmt"/>
          <line num="129" count="0" type="stmt"/>
          <line num="130" count="0" type="stmt"/>
          <line num="132" count="0" type="stmt"/>
          <line num="136" count="0" type="cond" truecount="0" falsecount="2"/>
          <line num="140" count="0" type="stmt"/>
          <line num="142" count="0" type="stmt"/>
          <line num="146" count="2" type="stmt"/>
        </file>
      </package>
      <package name="RecipeBook-Backend-API.startup">
        <metrics statements="38" coveredstatements="36" conditionals="2" coveredconditionals="2" methods="9" coveredmethods="7"/>
        <file name="cors.js" path="E:\RecipeBook\RecipeBook-Backend-API\startup\cors.js">
          <metrics statements="3" coveredstatements="3" conditionals="0" coveredconditionals="0" methods="1" coveredmethods="1"/>
          <line num="1" count="2" type="stmt"/>
          <line num="4" count="2" type="stmt"/>
          <line num="5" count="2" type="stmt"/>
        </file>
        <file name="db.js" path="E:\RecipeBook\RecipeBook-Backend-API\startup\db.js">
          <metrics statements="7" coveredstatements="6" conditionals="2" coveredconditionals="2" methods="3" coveredmethods="2"/>
          <line num="1" count="2" type="stmt"/>
          <line num="2" count="2" type="stmt"/>
          <line num="6" count="2" type="stmt"/>
          <line num="7" count="2" type="cond" truecount="2" falsecount="0"/>
          <line num="8" count="2" type="stmt"/>
          <line num="14" count="2" type="stmt"/>
          <line num="15" count="0" type="stmt"/>
        </file>
        <file name="logging.js" path="E:\RecipeBook\RecipeBook-Backend-API\startup\logging.js">
          <metrics statements="7" coveredstatements="6" conditionals="0" coveredconditionals="0" methods="2" coveredmethods="1"/>
          <line num="1" count="2" type="stmt"/>
          <line num="2" count="2" type="stmt"/>
          <line num="5" count="2" type="stmt"/>
          <line num="6" count="2" type="stmt"/>
          <line num="10" count="2" type="stmt"/>
          <line num="11" count="0" type="stmt"/>
          <line num="14" count="2" type="stmt"/>
        </file>
        <file name="production.js" path="E:\RecipeBook\RecipeBook-Backend-API\startup\production.js">
          <metrics statements="5" coveredstatements="5" conditionals="0" coveredconditionals="0" methods="1" coveredmethods="1"/>
          <line num="1" count="2" type="stmt"/>
          <line num="2" count="2" type="stmt"/>
          <line num="5" count="2" type="stmt"/>
          <line num="6" count="2" type="stmt"/>
          <line num="7" count="2" type="stmt"/>
        </file>
        <file name="routes.js" path="E:\RecipeBook\RecipeBook-Backend-API\startup\routes.js">
          <metrics statements="13" coveredstatements="13" conditionals="0" coveredconditionals="0" methods="1" coveredmethods="1"/>
          <line num="1" count="2" type="stmt"/>
          <line num="2" count="2" type="stmt"/>
          <line num="4" count="2" type="stmt"/>
          <line num="5" count="2" type="stmt"/>
          <line num="6" count="2" type="stmt"/>
          <line num="7" count="2" type="stmt"/>
          <line num="10" count="2" type="stmt"/>
          <line num="11" count="2" type="stmt"/>
          <line num="12" count="2" type="stmt"/>
          <line num="13" count="2" type="stmt"/>
          <line num="14" count="2" type="stmt"/>
          <line num="15" count="2" type="stmt"/>
          <line num="16" count="2" type="stmt"/>
        </file>
        <file name="validation.js" path="E:\RecipeBook\RecipeBook-Backend-API\startup\validation.js">
          <metrics statements="3" coveredstatements="3" conditionals="0" coveredconditionals="0" methods="1" coveredmethods="1"/>
          <line num="1" count="2" type="stmt"/>
          <line num="4" count="2" type="stmt"/>
          <line num="5" count="2" type="stmt"/>
        </file>
      </package>
    </metrics>
  </project>
</coverage>
