TN:
SF:E:\RecipeBook\RecipeBook-Backend-API\index.js
FN:20,(anonymous_0)
FNF:1
FNH:1
FNDA:2,(anonymous_0)
DA:1,2
DA:2,2
DA:3,2
DA:4,2
DA:6,2
DA:8,2
DA:9,2
DA:10,2
DA:11,2
DA:12,2
DA:13,2
DA:16,2
DA:17,2
DA:20,2
DA:21,2
DA:25,2
LF:16
LH:16
BRDA:17,0,0,2
BRDA:17,0,1,2
BRF:2
BRH:2
end_of_record
TN:
SF:E:\RecipeBook\RecipeBook-Backend-API\middleware\auth.js
FN:5,(anonymous_0)
FNF:1
FNH:1
FNDA:8,(anonymous_0)
DA:1,2
DA:5,2
DA:7,8
DA:9,0
DA:10,0
DA:12,0
DA:13,0
DA:14,0
DA:15,0
DA:17,0
LF:10
LH:3
BRDA:7,0,0,8
BRDA:7,0,1,0
BRDA:10,1,0,0
BRDA:10,1,1,0
BRF:4
BRH:1
end_of_record
TN:
SF:E:\RecipeBook\RecipeBook-Backend-API\middleware\error.js
FN:4,(anonymous_0)
FNF:1
FNH:0
FNDA:0,(anonymous_0)
DA:1,2
DA:4,2
DA:5,0
DA:7,0
LF:4
LH:2
BRF:0
BRH:0
end_of_record
TN:
SF:E:\RecipeBook\RecipeBook-Backend-API\middleware\validateObjectId.js
FN:4,(anonymous_0)
FNF:1
FNH:1
FNDA:6,(anonymous_0)
DA:1,2
DA:4,2
DA:5,6
DA:6,2
DA:8,4
LF:5
LH:5
BRDA:5,0,0,2
BRDA:5,0,1,4
BRF:2
BRH:2
end_of_record
TN:
SF:E:\RecipeBook\RecipeBook-Backend-API\models\foreigns.js
FN:27,validateForeign
FNF:1
FNH:0
FNDA:0,validateForeign
DA:1,2
DA:2,2
DA:5,2
DA:28,0
DA:35,0
DA:38,2
DA:39,2
LF:7
LH:5
BRF:0
BRH:0
end_of_record
TN:
SF:E:\RecipeBook\RecipeBook-Backend-API\models\locals.js
FN:27,validateLocal
FNF:1
FNH:0
FNDA:0,validateLocal
DA:1,2
DA:2,2
DA:5,2
DA:28,0
DA:35,0
DA:38,2
DA:39,2
LF:7
LH:5
BRF:0
BRH:0
end_of_record
TN:
SF:E:\RecipeBook\RecipeBook-Backend-API\models\resetPassword.js
FNF:0
FNH:0
DA:1,2
DA:2,2
DA:5,2
DA:21,2
LF:4
LH:4
BRF:0
BRH:0
end_of_record
TN:
SF:E:\RecipeBook\RecipeBook-Backend-API\models\user.js
FN:29,(anonymous_0)
FN:44,validateUser
FNF:2
FNH:1
FNDA:1,(anonymous_0)
FNDA:0,validateUser
DA:2,3
DA:3,3
DA:4,3
DA:7,3
DA:29,3
DA:30,1
DA:39,1
DA:42,3
DA:45,0
DA:61,0
DA:64,3
DA:65,3
LF:12
LH:10
BRF:0
BRH:0
end_of_record
TN:
SF:E:\RecipeBook\RecipeBook-Backend-API\routes\auth.js
FN:9,(anonymous_0)
FN:14,(anonymous_1)
FN:31,validate
FNF:3
FNH:0
FNDA:0,(anonymous_0)
FNDA:0,(anonymous_1)
FNDA:0,validate
DA:1,2
DA:2,2
DA:3,2
DA:4,2
DA:5,2
DA:6,2
DA:9,2
DA:10,0
DA:11,0
DA:14,2
DA:15,0
DA:16,0
DA:17,0
DA:19,0
DA:20,0
DA:21,0
DA:23,0
DA:24,0
DA:25,0
DA:27,0
DA:28,0
DA:32,0
DA:37,0
DA:40,2
LF:24
LH:9
BRDA:16,0,0,0
BRDA:16,0,1,0
BRDA:20,1,0,0
BRDA:20,1,1,0
BRDA:24,2,0,0
BRDA:24,2,1,0
BRF:6
BRH:0
end_of_record
TN:
SF:E:\RecipeBook\RecipeBook-Backend-API\routes\foreigns.js
FN:9,(anonymous_0)
FN:18,(anonymous_1)
FN:28,(anonymous_2)
FN:43,(anonymous_3)
FN:64,(anonymous_4)
FNF:5
FNH:2
FNDA:1,(anonymous_0)
FNDA:2,(anonymous_1)
FNDA:0,(anonymous_2)
FNDA:0,(anonymous_3)
FNDA:0,(anonymous_4)
DA:1,2
DA:2,2
DA:3,2
DA:4,2
DA:5,2
DA:6,2
DA:9,2
DA:10,1
DA:14,1
DA:18,2
DA:19,2
DA:21,2
DA:22,1
DA:24,1
DA:28,2
DA:29,0
DA:30,0
DA:32,0
DA:37,0
DA:39,0
DA:43,2
DA:44,0
DA:45,0
DA:47,0
DA:57,0
DA:58,0
DA:60,0
DA:64,2
DA:65,0
DA:67,0
DA:68,0
DA:70,0
DA:74,2
LF:33
LH:18
BRDA:21,0,0,1
BRDA:21,0,1,1
BRDA:30,1,0,0
BRDA:30,1,1,0
BRDA:45,2,0,0
BRDA:45,2,1,0
BRDA:57,3,0,0
BRDA:57,3,1,0
BRDA:67,4,0,0
BRDA:67,4,1,0
BRF:10
BRH:2
end_of_record
TN:
SF:E:\RecipeBook\RecipeBook-Backend-API\routes\locals.js
FN:9,(anonymous_0)
FN:18,(anonymous_1)
FN:28,(anonymous_2)
FN:43,(anonymous_3)
FN:64,(anonymous_4)
FNF:5
FNH:2
FNDA:1,(anonymous_0)
FNDA:2,(anonymous_1)
FNDA:0,(anonymous_2)
FNDA:0,(anonymous_3)
FNDA:0,(anonymous_4)
DA:1,2
DA:2,2
DA:3,2
DA:4,2
DA:5,2
DA:6,2
DA:9,2
DA:10,1
DA:14,1
DA:18,2
DA:19,2
DA:21,2
DA:22,1
DA:24,1
DA:28,2
DA:29,0
DA:30,0
DA:32,0
DA:37,0
DA:39,0
DA:43,2
DA:44,0
DA:45,0
DA:47,0
DA:57,0
DA:58,0
DA:60,0
DA:64,2
DA:65,0
DA:67,0
DA:68,0
DA:70,0
DA:74,2
LF:33
LH:18
BRDA:21,0,0,1
BRDA:21,0,1,1
BRDA:30,1,0,0
BRDA:30,1,1,0
BRDA:45,2,0,0
BRDA:45,2,1,0
BRDA:57,3,0,0
BRDA:57,3,1,0
BRDA:67,4,0,0
BRDA:67,4,1,0
BRF:10
BRH:2
end_of_record
TN:
SF:E:\RecipeBook\RecipeBook-Backend-API\routes\users.js
FN:14,(anonymous_0)
FN:20,(anonymous_1)
FN:48,(anonymous_2)
FN:109,(anonymous_3)
FN:135,(anonymous_4)
FNF:5
FNH:0
FNDA:0,(anonymous_0)
FNDA:0,(anonymous_1)
FNDA:0,(anonymous_2)
FNDA:0,(anonymous_3)
FNDA:0,(anonymous_4)
DA:1,2
DA:3,2
DA:4,2
DA:5,2
DA:6,2
DA:7,2
DA:8,2
DA:9,2
DA:10,2
DA:11,2
DA:14,2
DA:15,0
DA:16,0
DA:20,2
DA:23,0
DA:24,0
DA:26,0
DA:28,0
DA:29,0
DA:31,0
DA:32,0
DA:34,0
DA:35,0
DA:36,0
DA:37,0
DA:39,0
DA:40,0
DA:48,2
DA:49,0
DA:51,0
DA:53,0
DA:54,0
DA:57,0
DA:58,0
DA:59,0
DA:62,0
DA:63,0
DA:65,0
DA:67,0
DA:73,0
DA:83,0
DA:96,0
DA:98,0
DA:99,0
DA:102,0
DA:109,2
DA:110,0
DA:111,0
DA:112,0
DA:114,0
DA:115,0
DA:116,0
DA:119,0
DA:122,0
DA:123,0
DA:126,0
DA:127,0
DA:129,0
DA:130,0
DA:132,0
DA:136,0
DA:140,0
DA:142,0
DA:146,2
LF:64
LH:15
BRDA:23,0,0,0
BRDA:23,0,1,0
BRDA:26,1,0,0
BRDA:26,1,1,0
BRDA:29,2,0,0
BRDA:29,2,1,0
BRDA:32,3,0,0
BRDA:32,3,1,0
BRDA:53,4,0,0
BRDA:53,4,1,0
BRDA:58,5,0,0
BRDA:58,5,1,0
BRDA:98,6,0,0
BRDA:98,6,1,0
BRDA:115,7,0,0
BRDA:115,7,1,0
BRDA:122,8,0,0
BRDA:122,8,1,0
BRDA:136,9,0,0
BRDA:136,9,1,0
BRF:20
BRH:0
end_of_record
TN:
SF:E:\RecipeBook\RecipeBook-Backend-API\startup\cors.js
FN:4,(anonymous_0)
FNF:1
FNH:1
FNDA:2,(anonymous_0)
DA:1,2
DA:4,2
DA:5,2
LF:3
LH:3
BRF:0
BRH:0
end_of_record
TN:
SF:E:\RecipeBook\RecipeBook-Backend-API\startup\db.js
FN:6,(anonymous_0)
FN:14,(anonymous_1)
FN:15,(anonymous_2)
FNF:3
FNH:2
FNDA:2,(anonymous_0)
FNDA:2,(anonymous_1)
FNDA:0,(anonymous_2)
DA:1,2
DA:2,2
DA:6,2
DA:7,2
DA:8,2
DA:14,2
DA:15,0
LF:7
LH:6
BRDA:7,0,0,2
BRDA:7,0,1,2
BRF:2
BRH:2
end_of_record
TN:
SF:E:\RecipeBook\RecipeBook-Backend-API\startup\logging.js
FN:5,(anonymous_0)
FN:10,(anonymous_1)
FNF:2
FNH:1
FNDA:2,(anonymous_0)
FNDA:0,(anonymous_1)
DA:1,2
DA:2,2
DA:5,2
DA:6,2
DA:10,2
DA:11,0
DA:14,2
LF:7
LH:6
BRF:0
BRH:0
end_of_record
TN:
SF:E:\RecipeBook\RecipeBook-Backend-API\startup\production.js
FN:5,(anonymous_0)
FNF:1
FNH:1
FNDA:2,(anonymous_0)
DA:1,2
DA:2,2
DA:5,2
DA:6,2
DA:7,2
LF:5
LH:5
BRF:0
BRH:0
end_of_record
TN:
SF:E:\RecipeBook\RecipeBook-Backend-API\startup\routes.js
FN:10,(anonymous_0)
FNF:1
FNH:1
FNDA:2,(anonymous_0)
DA:1,2
DA:2,2
DA:4,2
DA:5,2
DA:6,2
DA:7,2
DA:10,2
DA:11,2
DA:12,2
DA:13,2
DA:14,2
DA:15,2
DA:16,2
LF:13
LH:13
BRF:0
BRH:0
end_of_record
TN:
SF:E:\RecipeBook\RecipeBook-Backend-API\startup\validation.js
FN:4,(anonymous_0)
FNF:1
FNH:1
FNDA:2,(anonymous_0)
DA:1,2
DA:4,2
DA:5,2
LF:3
LH:3
BRF:0
BRH:0
end_of_record
